# JRE version: OpenJDK Runtime Environment (17.0.9) (build 17.0.9+0--11185874)
# Java VM: OpenJDK 64-Bit Server VM (17.0.9+0--11185874, mixed mode, tiered, compressed oops, compressed class ptrs, g1 gc, windows-amd64)
GC Precious Log:
 CPUs: 12 total, 12 available
 Memory: 15591M
 Large Page Support: Disabled
 NUMA Support: Disabled
 Compressed Oops: Enabled (32-bit)
 Heap Region Size: 1M
 Heap Min Capacity: 8M
 Heap Initial Capacity: 244M
 Heap Max Capacity: 2G
 Pre-touch: Disabled
 Parallel Workers: 10
 Concurrent Workers: 3
 Concurrent Refinement Workers: 10
 Periodic GC: Disabled
Heap:
 garbage-first heap   total 143360K, used 111069K [0x0000000080000000, 0x0000000100000000)
  region size 1024K, 29 young (29696K), 5 survivors (5120K)
 Metaspace       used 76386K, committed 76864K, reserved 1179648K
  class space    used 10074K, committed 10304K, reserved 1048576K
GC Heap History (20 events):
Event: 19.365 GC heap before
{Heap before GC invocations=25 (full 0):
 garbage-first heap   total 103424K, used 85326K [0x0000000080000000, 0x0000000100000000)
  region size 1024K, 32 young (32768K), 1 survivors (1024K)
 Metaspace       used 60890K, committed 61440K, reserved 1114112K
  class space    used 8085K, committed 8320K, reserved 1048576K
}
Event: 19.373 GC heap after
{Heap after GC invocations=26 (full 0):
 garbage-first heap   total 103424K, used 59105K [0x0000000080000000, 0x0000000100000000)
  region size 1024K, 4 young (4096K), 4 survivors (4096K)
 Metaspace       used 60890K, committed 61440K, reserved 1114112K
  class space    used 8085K, committed 8320K, reserved 1048576K
}
Event: 19.990 GC heap before
{Heap before GC invocations=27 (full 0):
 garbage-first heap   total 103424K, used 93921K [0x0000000080000000, 0x0000000100000000)
  region size 1024K, 28 young (28672K), 4 survivors (4096K)
 Metaspace       used 61407K, committed 61888K, reserved 1114112K
  class space    used 8146K, committed 8384K, reserved 1048576K
}
Event: 20.001 GC heap after
{Heap after GC invocations=28 (full 0):
 garbage-first heap   total 108544K, used 78227K [0x0000000080000000, 0x0000000100000000)
  region size 1024K, 4 young (4096K), 4 survivors (4096K)
 Metaspace       used 61407K, committed 61888K, reserved 1114112K
  class space    used 8146K, committed 8384K, reserved 1048576K
}
Event: 20.029 GC heap before
{Heap before GC invocations=28 (full 0):
 garbage-first heap   total 108544K, used 79251K [0x0000000080000000, 0x0000000100000000)
  region size 1024K, 5 young (5120K), 4 survivors (4096K)
 Metaspace       used 61473K, committed 61952K, reserved 1114112K
  class space    used 8152K, committed 8384K, reserved 1048576K
}
Event: 20.034 GC heap after
{Heap after GC invocations=29 (full 0):
 garbage-first heap   total 108544K, used 79710K [0x0000000080000000, 0x0000000100000000)
  region size 1024K, 1 young (1024K), 1 survivors (1024K)
 Metaspace       used 61473K, committed 61952K, reserved 1114112K
  class space    used 8152K, committed 8384K, reserved 1048576K
}
Event: 20.312 GC heap before
{Heap before GC invocations=29 (full 0):
 garbage-first heap   total 108544K, used 86878K [0x0000000080000000, 0x0000000100000000)
  region size 1024K, 9 young (9216K), 1 survivors (1024K)
 Metaspace       used 62168K, committed 62656K, reserved 1114112K
  class space    used 8271K, committed 8512K, reserved 1048576K
}
Event: 20.315 GC heap after
{Heap after GC invocations=30 (full 0):
 garbage-first heap   total 131072K, used 79834K [0x0000000080000000, 0x0000000100000000)
  region size 1024K, 1 young (1024K), 1 survivors (1024K)
 Metaspace       used 62168K, committed 62656K, reserved 1114112K
  class space    used 8271K, committed 8512K, reserved 1048576K
}
Event: 20.924 GC heap before
{Heap before GC invocations=31 (full 0):
 garbage-first heap   total 142336K, used 102362K [0x0000000080000000, 0x0000000100000000)
  region size 1024K, 23 young (23552K), 1 survivors (1024K)
 Metaspace       used 64030K, committed 64576K, reserved 1114112K
  class space    used 8512K, committed 8768K, reserved 1048576K
}
Event: 20.927 GC heap after
{Heap after GC invocations=32 (full 0):
 garbage-first heap   total 142336K, used 81849K [0x0000000080000000, 0x0000000100000000)
  region size 1024K, 2 young (2048K), 2 survivors (2048K)
 Metaspace       used 64030K, committed 64576K, reserved 1114112K
  class space    used 8512K, committed 8768K, reserved 1048576K
}
Event: 21.012 GC heap before
{Heap before GC invocations=32 (full 0):
 garbage-first heap   total 142336K, used 84921K [0x0000000080000000, 0x0000000100000000)
  region size 1024K, 6 young (6144K), 2 survivors (2048K)
 Metaspace       used 64415K, committed 64960K, reserved 1114112K
  class space    used 8567K, committed 8832K, reserved 1048576K
}
Event: 21.015 GC heap after
{Heap after GC invocations=33 (full 0):
 garbage-first heap   total 142336K, used 81729K [0x0000000080000000, 0x0000000100000000)
  region size 1024K, 1 young (1024K), 1 survivors (1024K)
 Metaspace       used 64415K, committed 64960K, reserved 1114112K
  class space    used 8567K, committed 8832K, reserved 1048576K
}
Event: 21.797 GC heap before
{Heap before GC invocations=33 (full 0):
 garbage-first heap   total 142336K, used 111425K [0x0000000080000000, 0x0000000100000000)
  region size 1024K, 30 young (30720K), 1 survivors (1024K)
 Metaspace       used 67954K, committed 68480K, reserved 1114112K
  class space    used 8984K, committed 9216K, reserved 1048576K
}
Event: 21.800 GC heap after
{Heap after GC invocations=34 (full 0):
 garbage-first heap   total 142336K, used 82365K [0x0000000080000000, 0x0000000100000000)
  region size 1024K, 1 young (1024K), 1 survivors (1024K)
 Metaspace       used 67954K, committed 68480K, reserved 1114112K
  class space    used 8984K, committed 9216K, reserved 1048576K
}
Event: 22.832 GC heap before
{Heap before GC invocations=35 (full 0):
 garbage-first heap   total 143360K, used 114109K [0x0000000080000000, 0x0000000100000000)
  region size 1024K, 32 young (32768K), 1 survivors (1024K)
 Metaspace       used 71395K, committed 71936K, reserved 1114112K
  class space    used 9413K, committed 9664K, reserved 1048576K
}
Event: 22.836 GC heap after
{Heap after GC invocations=36 (full 0):
 garbage-first heap   total 143360K, used 83471K [0x0000000080000000, 0x0000000100000000)
  region size 1024K, 2 young (2048K), 2 survivors (2048K)
 Metaspace       used 71395K, committed 71936K, reserved 1114112K
  class space    used 9413K, committed 9664K, reserved 1048576K
}
Event: 23.018 GC heap before
{Heap before GC invocations=36 (full 0):
 garbage-first heap   total 143360K, used 88591K [0x0000000080000000, 0x0000000100000000)
  region size 1024K, 7 young (7168K), 2 survivors (2048K)
 Metaspace       used 71907K, committed 72448K, reserved 1114112K
  class space    used 9494K, committed 9728K, reserved 1048576K
}
Event: 23.022 GC heap after
{Heap after GC invocations=37 (full 0):
 garbage-first heap   total 143360K, used 83567K [0x0000000080000000, 0x0000000100000000)
  region size 1024K, 1 young (1024K), 1 survivors (1024K)
 Metaspace       used 71907K, committed 72448K, reserved 1114112K
  class space    used 9494K, committed 9728K, reserved 1048576K
}
Event: 23.768 GC heap before
{Heap before GC invocations=37 (full 0):
 garbage-first heap   total 143360K, used 122479K [0x0000000080000000, 0x0000000100000000)
  region size 1024K, 33 young (33792K), 1 survivors (1024K)
 Metaspace       used 74516K, committed 75072K, reserved 1179648K
  class space    used 9834K, committed 10112K, reserved 1048576K
}
Event: 23.773 GC heap after
{Heap after GC invocations=38 (full 0):
 garbage-first heap   total 143360K, used 87517K [0x0000000080000000, 0x0000000100000000)
  region size 1024K, 5 young (5120K), 5 survivors (5120K)
 Metaspace       used 74516K, committed 75072K, reserved 1179648K
  class space    used 9834K, committed 10112K, reserved 1048576K
}

